{
  "stats": {
    "suites": 3,
    "tests": 3,
    "passes": 3,
    "pending": 0,
    "failures": 0,
    "start": "2025-10-28T11:58:31.324Z",
    "end": "2025-10-28T11:58:31.328Z",
    "duration": 4,
    "testsRegistered": 3,
    "passPercent": 100,
    "pendingPercent": 0,
    "other": 0,
    "hasOther": false,
    "skipped": 0,
    "hasSkipped": false
  },
  "results": [
    {
      "uuid": "9578d692-84db-467c-936f-57c0e38337da",
      "title": "",
      "fullFile": "C:\\Users\\user\\Desktop\\Epam Training\\unit test learning\\test\\numbers-validator\\isNumberEven.spec.js",
      "file": "\\test\\numbers-validator\\isNumberEven.spec.js",
      "beforeHooks": [],
      "afterHooks": [],
      "tests": [],
      "suites": [
        {
          "uuid": "53eb970d-6b53-41f5-a234-b44e777fdc46",
          "title": "isNumberEven",
          "fullFile": "C:\\Users\\user\\Desktop\\Epam Training\\unit test learning\\test\\numbers-validator\\isNumberEven.spec.js",
          "file": "\\test\\numbers-validator\\isNumberEven.spec.js",
          "beforeHooks": [
            {
              "title": "\"before each\" hook in \"isNumberEven\"",
              "fullTitle": "isNumberEven \"before each\" hook in \"isNumberEven\"",
              "timedOut": false,
              "duration": 0,
              "state": null,
              "speed": null,
              "pass": false,
              "fail": false,
              "pending": false,
              "context": null,
              "code": "validator = new NumbersValidator();",
              "err": {},
              "uuid": "c040524b-c18d-4e7f-af8a-ee96fde5f2af",
              "parentUUID": "53eb970d-6b53-41f5-a234-b44e777fdc46",
              "isHook": true,
              "skipped": false
            }
          ],
          "afterHooks": [
            {
              "title": "\"after each\" hook in \"isNumberEven\"",
              "fullTitle": "isNumberEven \"after each\" hook in \"isNumberEven\"",
              "timedOut": false,
              "duration": 0,
              "state": null,
              "speed": null,
              "pass": false,
              "fail": false,
              "pending": false,
              "context": null,
              "code": "validator = null;",
              "err": {},
              "uuid": "6d03b1b5-74a5-40ac-bec7-c16bdbb18f1f",
              "parentUUID": "53eb970d-6b53-41f5-a234-b44e777fdc46",
              "isHook": true,
              "skipped": false
            }
          ],
          "tests": [],
          "suites": [
            {
              "uuid": "88c6dc05-86b1-4e99-8f3e-cd8a98025981",
              "title": "positive tests",
              "fullFile": "C:\\Users\\user\\Desktop\\Epam Training\\unit test learning\\test\\numbers-validator\\isNumberEven.spec.js",
              "file": "\\test\\numbers-validator\\isNumberEven.spec.js",
              "beforeHooks": [],
              "afterHooks": [],
              "tests": [
                {
                  "title": "should return true when provided an even number",
                  "fullTitle": "isNumberEven positive tests should return true when provided an even number",
                  "timedOut": false,
                  "duration": 0,
                  "state": "passed",
                  "speed": "fast",
                  "pass": true,
                  "fail": false,
                  "pending": false,
                  "context": null,
                  "code": "const validationResults = validator.isNumberEven(4);\nexpect(validationResults).to.be.equal(true);",
                  "err": {},
                  "uuid": "55e6bb7b-7f3e-441d-a5d3-dd7ecf62d204",
                  "parentUUID": "88c6dc05-86b1-4e99-8f3e-cd8a98025981",
                  "isHook": false,
                  "skipped": false
                }
              ],
              "suites": [],
              "passes": [
                "55e6bb7b-7f3e-441d-a5d3-dd7ecf62d204"
              ],
              "failures": [],
              "pending": [],
              "skipped": [],
              "duration": 0,
              "root": false,
              "rootEmpty": false,
              "_timeout": 2000
            },
            {
              "uuid": "782986ad-f2a5-4dcc-a707-e905e9fa8e3b",
              "title": "negative tests",
              "fullFile": "C:\\Users\\user\\Desktop\\Epam Training\\unit test learning\\test\\numbers-validator\\isNumberEven.spec.js",
              "file": "\\test\\numbers-validator\\isNumberEven.spec.js",
              "beforeHooks": [],
              "afterHooks": [],
              "tests": [
                {
                  "title": "should return false when provided a non even number",
                  "fullTitle": "isNumberEven negative tests should return false when provided a non even number",
                  "timedOut": false,
                  "duration": 0,
                  "state": "passed",
                  "speed": "fast",
                  "pass": true,
                  "fail": false,
                  "pending": false,
                  "context": null,
                  "code": "const validationResults = validator.isNumberEven(5);\nexpect(validationResults).to.be.equal(false);",
                  "err": {},
                  "uuid": "bb69363d-1efc-416d-8ebf-9688351b9cf5",
                  "parentUUID": "782986ad-f2a5-4dcc-a707-e905e9fa8e3b",
                  "isHook": false,
                  "skipped": false
                },
                {
                  "title": "should throw an error when provided not a number value",
                  "fullTitle": "isNumberEven negative tests should throw an error when provided not a number value",
                  "timedOut": false,
                  "duration": 1,
                  "state": "passed",
                  "speed": "fast",
                  "pass": true,
                  "fail": false,
                  "pending": false,
                  "context": null,
                  "code": "const input = \"four\";\nexpect(() => validator.isNumberEven(input)).to.throw(`[${input}] is not of type \"Number\" it is of type \"string\"`);",
                  "err": {},
                  "uuid": "75a345b8-d9a4-4792-bf03-861759ab9986",
                  "parentUUID": "782986ad-f2a5-4dcc-a707-e905e9fa8e3b",
                  "isHook": false,
                  "skipped": false
                }
              ],
              "suites": [],
              "passes": [
                "bb69363d-1efc-416d-8ebf-9688351b9cf5",
                "75a345b8-d9a4-4792-bf03-861759ab9986"
              ],
              "failures": [],
              "pending": [],
              "skipped": [],
              "duration": 1,
              "root": false,
              "rootEmpty": false,
              "_timeout": 2000
            }
          ],
          "passes": [],
          "failures": [],
          "pending": [],
          "skipped": [],
          "duration": 0,
          "root": false,
          "rootEmpty": false,
          "_timeout": 2000
        }
      ],
      "passes": [],
      "failures": [],
      "pending": [],
      "skipped": [],
      "duration": 0,
      "root": true,
      "rootEmpty": true,
      "_timeout": 2000
    }
  ],
  "meta": {
    "mocha": {
      "version": "11.7.4"
    },
    "mochawesome": {
      "options": {
        "quiet": false,
        "reportFilename": "mochawesome",
        "saveHtml": true,
        "saveJson": true,
        "consoleReporter": "spec",
        "useInlineDiffs": false,
        "code": true
      },
      "version": "7.1.4"
    },
    "marge": {
      "options": null,
      "version": "6.3.0"
    }
  }
}